This file contains any messages produced by compilers while
running configure, to aid debugging if configure makes a mistake.

It was created by gc configure 7.2, which was
generated by GNU Autoconf 2.69.  Invocation command line was

  $ ./configure --prefix=/home/Dottorato/GitHub/ScalingtheBlockchainSim/gc/ --disable-threads

## --------- ##
## Platform. ##
## --------- ##

hostname = anguirel
uname -m = x86_64
uname -r = 4.10.0-38-generic
uname -s = Linux
uname -v = #42~16.04.1-Ubuntu SMP Tue Oct 10 16:32:20 UTC 2017

/usr/bin/uname -p = unknown
/bin/uname -X     = unknown

/bin/arch              = unknown
/usr/bin/arch -k       = unknown
/usr/convex/getsysinfo = unknown
/usr/bin/hostinfo      = unknown
/bin/machine           = unknown
/usr/bin/oslevel       = unknown
/bin/universe          = unknown

PATH: /home/marco/bin
PATH: /home/marco/.local/bin
PATH: /usr/local/sbin
PATH: /usr/local/bin
PATH: /usr/sbin
PATH: /usr/bin
PATH: /sbin
PATH: /bin
PATH: /usr/games
PATH: /usr/local/games
PATH: /snap/bin


## ----------- ##
## Core tests. ##
## ----------- ##

configure:2494: checking build system type
configure:2508: result: x86_64-unknown-linux-gnu
configure:2528: checking host system type
configure:2541: result: x86_64-unknown-linux-gnu
configure:2561: checking target system type
configure:2574: result: x86_64-unknown-linux-gnu
configure:2603: checking GC version numbers
configure:2642: result: major=7 minor=2 
configure:2662: checking for a BSD-compatible install
configure:2730: result: /usr/bin/install -c
configure:2741: checking whether build environment is sane
configure:2796: result: yes
configure:2947: checking for a thread-safe mkdir -p
configure:2986: result: /bin/mkdir -p
configure:2993: checking for gawk
configure:3009: found /usr/bin/gawk
configure:3020: result: gawk
configure:3031: checking whether make sets $(MAKE)
configure:3053: result: yes
configure:3082: checking whether make supports nested variables
configure:3099: result: yes
configure:3227: checking whether to enable maintainer-specific portions of Makefiles
configure:3236: result: no
configure:3265: checking for style of include used by make
configure:3293: result: GNU
configure:3364: checking for gcc
configure:3380: found /usr/bin/gcc
configure:3391: result: gcc
configure:3620: checking for C compiler version
configure:3629: gcc --version >&5
gcc (Ubuntu 5.4.0-6ubuntu1~16.04.5) 5.4.0 20160609
Copyright (C) 2015 Free Software Foundation, Inc.
This is free software; see the source for copying conditions.  There is NO
warranty; not even for MERCHANTABILITY or FITNESS FOR A PARTICULAR PURPOSE.

configure:3640: $? = 0
configure:3629: gcc -v >&5
Using built-in specs.
COLLECT_GCC=gcc
COLLECT_LTO_WRAPPER=/usr/lib/gcc/x86_64-linux-gnu/5/lto-wrapper
Target: x86_64-linux-gnu
Configured with: ../src/configure -v --with-pkgversion='Ubuntu 5.4.0-6ubuntu1~16.04.5' --with-bugurl=file:///usr/share/doc/gcc-5/README.Bugs --enable-languages=c,ada,c++,java,go,d,fortran,objc,obj-c++ --prefix=/usr --program-suffix=-5 --enable-shared --enable-linker-build-id --libexecdir=/usr/lib --without-included-gettext --enable-threads=posix --libdir=/usr/lib --enable-nls --with-sysroot=/ --enable-clocale=gnu --enable-libstdcxx-debug --enable-libstdcxx-time=yes --with-default-libstdcxx-abi=new --enable-gnu-unique-object --disable-vtable-verify --enable-libmpx --enable-plugin --with-system-zlib --disable-browser-plugin --enable-java-awt=gtk --enable-gtk-cairo --with-java-home=/usr/lib/jvm/java-1.5.0-gcj-5-amd64/jre --enable-java-home --with-jvm-root-dir=/usr/lib/jvm/java-1.5.0-gcj-5-amd64 --with-jvm-jar-dir=/usr/lib/jvm-exports/java-1.5.0-gcj-5-amd64 --with-arch-directory=amd64 --with-ecj-jar=/usr/share/java/eclipse-ecj.jar --enable-objc-gc --enable-multiarch --disable-werror --with-arch-32=i686 --with-abi=m64 --with-multilib-list=m32,m64,mx32 --enable-multilib --with-tune=generic --enable-checking=release --build=x86_64-linux-gnu --host=x86_64-linux-gnu --target=x86_64-linux-gnu
Thread model: posix
gcc version 5.4.0 20160609 (Ubuntu 5.4.0-6ubuntu1~16.04.5) 
configure:3640: $? = 0
configure:3629: gcc -V >&5
gcc: error: unrecognized command line option '-V'
gcc: fatal error: no input files
compilation terminated.
configure:3640: $? = 1
configure:3629: gcc -qversion >&5
gcc: error: unrecognized command line option '-qversion'
gcc: fatal error: no input files
compilation terminated.
configure:3640: $? = 1
configure:3660: checking whether the C compiler works
configure:3682: gcc    conftest.c  >&5
configure:3686: $? = 0
configure:3734: result: yes
configure:3737: checking for C compiler default output file name
configure:3739: result: a.out
configure:3745: checking for suffix of executables
configure:3752: gcc -o conftest    conftest.c  >&5
configure:3756: $? = 0
configure:3778: result: 
configure:3800: checking whether we are cross compiling
configure:3808: gcc -o conftest    conftest.c  >&5
configure:3812: $? = 0
configure:3819: ./conftest
configure:3823: $? = 0
configure:3838: result: no
configure:3843: checking for suffix of object files
configure:3865: gcc -c   conftest.c >&5
configure:3869: $? = 0
configure:3890: result: o
configure:3894: checking whether we are using the GNU C compiler
configure:3913: gcc -c   conftest.c >&5
configure:3913: $? = 0
configure:3922: result: yes
configure:3931: checking whether gcc accepts -g
configure:3951: gcc -c -g  conftest.c >&5
configure:3951: $? = 0
configure:3992: result: yes
configure:4009: checking for gcc option to accept ISO C89
configure:4072: gcc  -c -g -O2  conftest.c >&5
configure:4072: $? = 0
configure:4085: result: none needed
configure:4110: checking whether gcc understands -c and -o together
configure:4132: gcc -c conftest.c -o conftest2.o
configure:4135: $? = 0
configure:4132: gcc -c conftest.c -o conftest2.o
configure:4135: $? = 0
configure:4147: result: yes
configure:4166: checking dependency style of gcc
configure:4277: result: gcc3
configure:4351: checking for g++
configure:4381: result: no
configure:4351: checking for c++
configure:4367: found /usr/bin/c++
configure:4378: result: c++
configure:4405: checking for C++ compiler version
configure:4414: c++ --version >&5
clang version 3.8.0-2ubuntu4 (tags/RELEASE_380/final)
Target: x86_64-pc-linux-gnu
Thread model: posix
InstalledDir: /usr/bin
configure:4425: $? = 0
configure:4414: c++ -v >&5
clang version 3.8.0-2ubuntu4 (tags/RELEASE_380/final)
Target: x86_64-pc-linux-gnu
Thread model: posix
InstalledDir: /usr/bin
Found candidate GCC installation: /usr/bin/../lib/gcc/x86_64-linux-gnu/5.4.0
Found candidate GCC installation: /usr/bin/../lib/gcc/x86_64-linux-gnu/6.0.0
Found candidate GCC installation: /usr/lib/gcc/x86_64-linux-gnu/5.4.0
Found candidate GCC installation: /usr/lib/gcc/x86_64-linux-gnu/6.0.0
Selected GCC installation: /usr/bin/../lib/gcc/x86_64-linux-gnu/5.4.0
Candidate multilib: .;@m64
... rest of stderr output deleted ...
configure:4425: $? = 0
configure:4414: c++ -V >&5
clang: error: argument to '-V' is missing (expected 1 value)
clang: error: no input files
configure:4425: $? = 1
configure:4414: c++ -qversion >&5
clang: error: unknown argument: '-qversion'
clang: error: no input files
configure:4425: $? = 1
configure:4429: checking whether we are using the GNU C++ compiler
configure:4448: c++ -c   conftest.cpp >&5
configure:4448: $? = 0
configure:4457: result: yes
configure:4466: checking whether c++ accepts -g
configure:4486: c++ -c -g  conftest.cpp >&5
configure:4486: $? = 0
configure:4527: result: yes
configure:4552: checking dependency style of c++
configure:4663: result: gcc3
configure:4688: checking dependency style of gcc
configure:4797: result: gcc3
configure:4886: checking for inline
configure:4902: gcc -c -g -O2  conftest.c >&5
configure:4902: $? = 0
configure:4910: result: inline
configure:5295: checking for xlc
configure:5312: gcc -c -g -O2  conftest.c >&5
conftest.c: In function 'main':
conftest.c:19:4: error: #error 
  # error
    ^
configure:5312: $? = 1
configure: failed program was:
| /* confdefs.h */
| #define PACKAGE_NAME "gc"
| #define PACKAGE_TARNAME "gc"
| #define PACKAGE_VERSION "7.2"
| #define PACKAGE_STRING "gc 7.2"
| #define PACKAGE_BUGREPORT "bdwgc@lists.opendylan.org"
| #define PACKAGE_URL ""
| #define GC_VERSION_MAJOR 7
| #define GC_VERSION_MINOR 2
| #define PACKAGE "gc"
| #define VERSION "7.2"
| /* end confdefs.h.  */
| 
| int
| main ()
| {
| 
|  #ifndef __xlC__
|  # error
|  #endif
| 
|   ;
|   return 0;
| }
configure:5318: result: no
configure:5340: checking whether gcc supports -fno-strict-aliasing
configure:5366: gcc -c -g -O2 -fno-strict-aliasing  conftest.c >&5
configure:5366: $? = 0
configure:5375: result: yes
configure:5388: checking for dlopen in -ldl
configure:5413: gcc -o conftest -g -O2 -fno-strict-aliasing   conftest.c -ldl   >&5
configure:5413: $? = 0
configure:5422: result: yes
configure:5499: checking whether to build shared libraries
configure:5541: result: yes
configure:5555: checking which machine-dependent code should be used
configure:5617: result: 
configure:5671: checking how to print strings
configure:5698: result: printf
configure:5719: checking for a sed that does not truncate output
configure:5783: result: /bin/sed
configure:5801: checking for grep that handles long lines and -e
configure:5859: result: /bin/grep
configure:5864: checking for egrep
configure:5926: result: /bin/grep -E
configure:5931: checking for fgrep
configure:5993: result: /bin/grep -F
configure:6028: checking for ld used by gcc
configure:6095: result: /usr/bin/ld
configure:6102: checking if the linker (/usr/bin/ld) is GNU ld
configure:6117: result: yes
configure:6129: checking for BSD- or MS-compatible name lister (nm)
configure:6178: result: /usr/bin/nm -B
configure:6308: checking the name lister (/usr/bin/nm -B) interface
configure:6315: gcc -c -g -O2 -fno-strict-aliasing  conftest.c >&5
configure:6318: /usr/bin/nm -B "conftest.o"
configure:6321: output
0000000000000000 B some_variable
configure:6328: result: BSD nm
configure:6331: checking whether ln -s works
configure:6335: result: yes
configure:6343: checking the maximum length of command line arguments
configure:6474: result: 1572864
configure:6491: checking whether the shell understands some XSI constructs
configure:6501: result: yes
configure:6505: checking whether the shell understands "+="
configure:6511: result: yes
configure:6546: checking how to convert x86_64-unknown-linux-gnu file names to x86_64-unknown-linux-gnu format
configure:6586: result: func_convert_file_noop
configure:6593: checking how to convert x86_64-unknown-linux-gnu file names to toolchain format
configure:6613: result: func_convert_file_noop
configure:6620: checking for /usr/bin/ld option to reload object files
configure:6627: result: -r
configure:6701: checking for objdump
configure:6717: found /usr/bin/objdump
configure:6728: result: objdump
configure:6760: checking how to recognize dependent libraries
configure:6958: result: pass_all
configure:7043: checking for dlltool
configure:7073: result: no
configure:7103: checking how to associate runtime and link libraries
configure:7130: result: printf %s\n
configure:7190: checking for ar
configure:7206: found /usr/bin/ar
configure:7217: result: ar
configure:7254: checking for archiver @FILE support
configure:7271: gcc -c -g -O2 -fno-strict-aliasing  conftest.c >&5
configure:7271: $? = 0
configure:7274: ar cru libconftest.a @conftest.lst >&5
ar: `u' modifier ignored since `D' is the default (see `U')
configure:7277: $? = 0
configure:7282: ar cru libconftest.a @conftest.lst >&5
ar: `u' modifier ignored since `D' is the default (see `U')
ar: conftest.o: No such file or directory
configure:7285: $? = 1
configure:7297: result: @
configure:7355: checking for strip
configure:7371: found /usr/bin/strip
configure:7382: result: strip
configure:7454: checking for ranlib
configure:7470: found /usr/bin/ranlib
configure:7481: result: ranlib
configure:7583: checking command to parse /usr/bin/nm -B output from gcc object
configure:7703: gcc -c -g -O2 -fno-strict-aliasing  conftest.c >&5
configure:7706: $? = 0
configure:7710: /usr/bin/nm -B conftest.o \| sed -n -e 's/^.*[ ]\([ABCDGIRSTW][ABCDGIRSTW]*\)[ ][ ]*\([_A-Za-z][_A-Za-z0-9]*\)$/\1 \2 \2/p' | sed '/ __gnu_lto/d' \> conftest.nm
configure:7713: $? = 0
configure:7779: gcc -o conftest -g -O2 -fno-strict-aliasing   conftest.c conftstm.o >&5
configure:7782: $? = 0
configure:7820: result: ok
configure:7857: checking for sysroot
configure:7887: result: no
configure:7964: gcc -c -g -O2 -fno-strict-aliasing  conftest.c >&5
configure:7967: $? = 0
configure:8156: checking for mt
configure:8172: found /bin/mt
configure:8183: result: mt
configure:8206: checking if mt is a manifest tool
configure:8212: mt '-?'
configure:8220: result: no
configure:8862: checking how to run the C preprocessor
configure:8893: gcc -E  conftest.c
configure:8893: $? = 0
configure:8907: gcc -E  conftest.c
conftest.c:13:28: fatal error: ac_nonexistent.h: No such file or directory
compilation terminated.
configure:8907: $? = 1
configure: failed program was:
| /* confdefs.h */
| #define PACKAGE_NAME "gc"
| #define PACKAGE_TARNAME "gc"
| #define PACKAGE_VERSION "7.2"
| #define PACKAGE_STRING "gc 7.2"
| #define PACKAGE_BUGREPORT "bdwgc@lists.opendylan.org"
| #define PACKAGE_URL ""
| #define GC_VERSION_MAJOR 7
| #define GC_VERSION_MINOR 2
| #define PACKAGE "gc"
| #define VERSION "7.2"
| /* end confdefs.h.  */
| #include <ac_nonexistent.h>
configure:8932: result: gcc -E
configure:8952: gcc -E  conftest.c
configure:8952: $? = 0
configure:8966: gcc -E  conftest.c
conftest.c:13:28: fatal error: ac_nonexistent.h: No such file or directory
compilation terminated.
configure:8966: $? = 1
configure: failed program was:
| /* confdefs.h */
| #define PACKAGE_NAME "gc"
| #define PACKAGE_TARNAME "gc"
| #define PACKAGE_VERSION "7.2"
| #define PACKAGE_STRING "gc 7.2"
| #define PACKAGE_BUGREPORT "bdwgc@lists.opendylan.org"
| #define PACKAGE_URL ""
| #define GC_VERSION_MAJOR 7
| #define GC_VERSION_MINOR 2
| #define PACKAGE "gc"
| #define VERSION "7.2"
| /* end confdefs.h.  */
| #include <ac_nonexistent.h>
configure:8995: checking for ANSI C header files
configure:9015: gcc -c -g -O2 -fno-strict-aliasing  conftest.c >&5
configure:9015: $? = 0
configure:9088: gcc -o conftest -g -O2 -fno-strict-aliasing   conftest.c  >&5
configure:9088: $? = 0
configure:9088: ./conftest
configure:9088: $? = 0
configure:9099: result: yes
configure:9112: checking for sys/types.h
configure:9112: gcc -c -g -O2 -fno-strict-aliasing  conftest.c >&5
configure:9112: $? = 0
configure:9112: result: yes
configure:9112: checking for sys/stat.h
configure:9112: gcc -c -g -O2 -fno-strict-aliasing  conftest.c >&5
configure:9112: $? = 0
configure:9112: result: yes
configure:9112: checking for stdlib.h
configure:9112: gcc -c -g -O2 -fno-strict-aliasing  conftest.c >&5
configure:9112: $? = 0
configure:9112: result: yes
configure:9112: checking for string.h
configure:9112: gcc -c -g -O2 -fno-strict-aliasing  conftest.c >&5
configure:9112: $? = 0
configure:9112: result: yes
configure:9112: checking for memory.h
configure:9112: gcc -c -g -O2 -fno-strict-aliasing  conftest.c >&5
configure:9112: $? = 0
configure:9112: result: yes
configure:9112: checking for strings.h
configure:9112: gcc -c -g -O2 -fno-strict-aliasing  conftest.c >&5
configure:9112: $? = 0
configure:9112: result: yes
configure:9112: checking for inttypes.h
configure:9112: gcc -c -g -O2 -fno-strict-aliasing  conftest.c >&5
configure:9112: $? = 0
configure:9112: result: yes
configure:9112: checking for stdint.h
configure:9112: gcc -c -g -O2 -fno-strict-aliasing  conftest.c >&5
configure:9112: $? = 0
configure:9112: result: yes
configure:9112: checking for unistd.h
configure:9112: gcc -c -g -O2 -fno-strict-aliasing  conftest.c >&5
configure:9112: $? = 0
configure:9112: result: yes
configure:9126: checking for dlfcn.h
configure:9126: gcc -c -g -O2 -fno-strict-aliasing  conftest.c >&5
configure:9126: $? = 0
configure:9126: result: yes
configure:9313: checking for objdir
configure:9328: result: .libs
configure:9599: checking if gcc supports -fno-rtti -fno-exceptions
configure:9617: gcc -c -g -O2 -fno-strict-aliasing  -fno-rtti -fno-exceptions conftest.c >&5
cc1: warning: command line option '-fno-rtti' is valid for C++/ObjC++ but not for C
configure:9621: $? = 0
configure:9634: result: no
configure:9961: checking for gcc option to produce PIC
configure:9968: result: -fPIC -DPIC
configure:9976: checking if gcc PIC flag -fPIC -DPIC works
configure:9994: gcc -c -g -O2 -fno-strict-aliasing  -fPIC -DPIC -DPIC conftest.c >&5
configure:9998: $? = 0
configure:10011: result: yes
configure:10040: checking if gcc static flag -static works
configure:10068: result: yes
configure:10083: checking if gcc supports -c -o file.o
configure:10104: gcc -c -g -O2 -fno-strict-aliasing  -o out/conftest2.o conftest.c >&5
configure:10108: $? = 0
configure:10130: result: yes
configure:10138: checking if gcc supports -c -o file.o
configure:10185: result: yes
configure:10218: checking whether the gcc linker (/usr/bin/ld -m elf_x86_64) supports shared libraries
configure:11375: result: yes
configure:11412: checking whether -lc should be explicitly linked in
configure:11420: gcc -c -g -O2 -fno-strict-aliasing  conftest.c >&5
configure:11423: $? = 0
configure:11438: gcc -shared  -fPIC -DPIC conftest.o  -v -Wl,-soname -Wl,conftest -o conftest 2\>\&1 \| /bin/grep  -lc  \>/dev/null 2\>\&1
configure:11441: $? = 0
configure:11455: result: no
configure:11615: checking dynamic linker characteristics
configure:12115: gcc -o conftest -g -O2 -fno-strict-aliasing   -Wl,-rpath -Wl,/foo conftest.c  >&5
configure:12115: $? = 0
configure:12349: result: GNU/Linux ld.so
configure:12456: checking how to hardcode library paths into programs
configure:12481: result: immediate
configure:13021: checking whether stripping libraries is possible
configure:13026: result: yes
configure:13061: checking if libtool supports shared libraries
configure:13063: result: yes
configure:13066: checking whether to build shared libraries
configure:13087: result: yes
configure:13090: checking whether to build static libraries
configure:13094: result: yes
configure:13117: checking how to run the C++ preprocessor
configure:13144: c++ -E  conftest.cpp
configure:13144: $? = 0
configure:13158: c++ -E  conftest.cpp
conftest.cpp:25:10: fatal error: 'ac_nonexistent.h' file not found
#include <ac_nonexistent.h>
         ^
1 error generated.
configure:13158: $? = 1
configure: failed program was:
| /* confdefs.h */
| #define PACKAGE_NAME "gc"
| #define PACKAGE_TARNAME "gc"
| #define PACKAGE_VERSION "7.2"
| #define PACKAGE_STRING "gc 7.2"
| #define PACKAGE_BUGREPORT "bdwgc@lists.opendylan.org"
| #define PACKAGE_URL ""
| #define GC_VERSION_MAJOR 7
| #define GC_VERSION_MINOR 2
| #define PACKAGE "gc"
| #define VERSION "7.2"
| #define STDC_HEADERS 1
| #define HAVE_SYS_TYPES_H 1
| #define HAVE_SYS_STAT_H 1
| #define HAVE_STDLIB_H 1
| #define HAVE_STRING_H 1
| #define HAVE_MEMORY_H 1
| #define HAVE_STRINGS_H 1
| #define HAVE_INTTYPES_H 1
| #define HAVE_STDINT_H 1
| #define HAVE_UNISTD_H 1
| #define HAVE_DLFCN_H 1
| #define LT_OBJDIR ".libs/"
| /* end confdefs.h.  */
| #include <ac_nonexistent.h>
configure:13183: result: c++ -E
configure:13203: c++ -E  conftest.cpp
configure:13203: $? = 0
configure:13217: c++ -E  conftest.cpp
conftest.cpp:25:10: fatal error: 'ac_nonexistent.h' file not found
#include <ac_nonexistent.h>
         ^
1 error generated.
configure:13217: $? = 1
configure: failed program was:
| /* confdefs.h */
| #define PACKAGE_NAME "gc"
| #define PACKAGE_TARNAME "gc"
| #define PACKAGE_VERSION "7.2"
| #define PACKAGE_STRING "gc 7.2"
| #define PACKAGE_BUGREPORT "bdwgc@lists.opendylan.org"
| #define PACKAGE_URL ""
| #define GC_VERSION_MAJOR 7
| #define GC_VERSION_MINOR 2
| #define PACKAGE "gc"
| #define VERSION "7.2"
| #define STDC_HEADERS 1
| #define HAVE_SYS_TYPES_H 1
| #define HAVE_SYS_STAT_H 1
| #define HAVE_STDLIB_H 1
| #define HAVE_STRING_H 1
| #define HAVE_MEMORY_H 1
| #define HAVE_STRINGS_H 1
| #define HAVE_INTTYPES_H 1
| #define HAVE_STDINT_H 1
| #define HAVE_UNISTD_H 1
| #define HAVE_DLFCN_H 1
| #define LT_OBJDIR ".libs/"
| /* end confdefs.h.  */
| #include <ac_nonexistent.h>
configure:13386: checking for ld used by c++
configure:13453: result: /usr/bin/ld -m elf_x86_64
configure:13460: checking if the linker (/usr/bin/ld -m elf_x86_64) is GNU ld
configure:13475: result: yes
configure:13530: checking whether the c++ linker (/usr/bin/ld -m elf_x86_64) supports shared libraries
configure:14532: result: yes
configure:14568: c++ -c -g -O2  conftest.cpp >&5
configure:14571: $? = 0
configure:15091: checking for c++ option to produce PIC
configure:15098: result: -fPIC -DPIC
configure:15106: checking if c++ PIC flag -fPIC -DPIC works
configure:15124: c++ -c -g -O2  -fPIC -DPIC -DPIC conftest.cpp >&5
configure:15128: $? = 0
configure:15141: result: yes
configure:15164: checking if c++ static flag -static works
configure:15192: result: yes
configure:15204: checking if c++ supports -c -o file.o
configure:15225: c++ -c -g -O2  -o out/conftest2.o conftest.cpp >&5
configure:15229: $? = 0
configure:15251: result: yes
configure:15256: checking if c++ supports -c -o file.o
configure:15303: result: yes
configure:15333: checking whether the c++ linker (/usr/bin/ld -m elf_x86_64) supports shared libraries
configure:15372: result: yes
configure:15513: checking dynamic linker characteristics
configure:16181: result: GNU/Linux ld.so
configure:16234: checking how to hardcode library paths into programs
configure:16259: result: immediate
configure:16345: checking whether Solaris gcc optimization fix is necessary
configure:16368: result: no
configure:16496: checking sys/dg_sys_info.h usability
configure:16496: gcc -c -g -O2 -fno-strict-aliasing  conftest.c >&5
conftest.c:61:29: fatal error: sys/dg_sys_info.h: No such file or directory
compilation terminated.
configure:16496: $? = 1
configure: failed program was:
| /* confdefs.h */
| #define PACKAGE_NAME "gc"
| #define PACKAGE_TARNAME "gc"
| #define PACKAGE_VERSION "7.2"
| #define PACKAGE_STRING "gc 7.2"
| #define PACKAGE_BUGREPORT "bdwgc@lists.opendylan.org"
| #define PACKAGE_URL ""
| #define GC_VERSION_MAJOR 7
| #define GC_VERSION_MINOR 2
| #define PACKAGE "gc"
| #define VERSION "7.2"
| #define STDC_HEADERS 1
| #define HAVE_SYS_TYPES_H 1
| #define HAVE_SYS_STAT_H 1
| #define HAVE_STDLIB_H 1
| #define HAVE_STRING_H 1
| #define HAVE_MEMORY_H 1
| #define HAVE_STRINGS_H 1
| #define HAVE_INTTYPES_H 1
| #define HAVE_STDINT_H 1
| #define HAVE_UNISTD_H 1
| #define HAVE_DLFCN_H 1
| #define LT_OBJDIR ".libs/"
| #define NO_EXECUTE_PERMISSION 1
| #define ALL_INTERIOR_POINTERS 1
| #define GC_GCJ_SUPPORT 1
| /* end confdefs.h.  */
| #include <stdio.h>
| #ifdef HAVE_SYS_TYPES_H
| # include <sys/types.h>
| #endif
| #ifdef HAVE_SYS_STAT_H
| # include <sys/stat.h>
| #endif
| #ifdef STDC_HEADERS
| # include <stdlib.h>
| # include <stddef.h>
| #else
| # ifdef HAVE_STDLIB_H
| #  include <stdlib.h>
| # endif
| #endif
| #ifdef HAVE_STRING_H
| # if !defined STDC_HEADERS && defined HAVE_MEMORY_H
| #  include <memory.h>
| # endif
| # include <string.h>
| #endif
| #ifdef HAVE_STRINGS_H
| # include <strings.h>
| #endif
| #ifdef HAVE_INTTYPES_H
| # include <inttypes.h>
| #endif
| #ifdef HAVE_STDINT_H
| # include <stdint.h>
| #endif
| #ifdef HAVE_UNISTD_H
| # include <unistd.h>
| #endif
| #include <sys/dg_sys_info.h>
configure:16496: result: no
configure:16496: checking sys/dg_sys_info.h presence
configure:16496: gcc -E  conftest.c
conftest.c:28:29: fatal error: sys/dg_sys_info.h: No such file or directory
compilation terminated.
configure:16496: $? = 1
configure: failed program was:
| /* confdefs.h */
| #define PACKAGE_NAME "gc"
| #define PACKAGE_TARNAME "gc"
| #define PACKAGE_VERSION "7.2"
| #define PACKAGE_STRING "gc 7.2"
| #define PACKAGE_BUGREPORT "bdwgc@lists.opendylan.org"
| #define PACKAGE_URL ""
| #define GC_VERSION_MAJOR 7
| #define GC_VERSION_MINOR 2
| #define PACKAGE "gc"
| #define VERSION "7.2"
| #define STDC_HEADERS 1
| #define HAVE_SYS_TYPES_H 1
| #define HAVE_SYS_STAT_H 1
| #define HAVE_STDLIB_H 1
| #define HAVE_STRING_H 1
| #define HAVE_MEMORY_H 1
| #define HAVE_STRINGS_H 1
| #define HAVE_INTTYPES_H 1
| #define HAVE_STDINT_H 1
| #define HAVE_UNISTD_H 1
| #define HAVE_DLFCN_H 1
| #define LT_OBJDIR ".libs/"
| #define NO_EXECUTE_PERMISSION 1
| #define ALL_INTERIOR_POINTERS 1
| #define GC_GCJ_SUPPORT 1
| /* end confdefs.h.  */
| #include <sys/dg_sys_info.h>
configure:16496: result: no
configure:16496: checking for sys/dg_sys_info.h
configure:16496: result: no
configure:16728: checking for pkg-config
configure:16761: result: no
configure:16797: checking for ATOMIC_OPS
configure:16859: result: no
configure:16881: checking which libatomic_ops to use
configure:16889: result: internal
configure:17030: checking that generated files are newer than configure
configure:17036: result: done
configure:17123: creating ./config.status

## ---------------------- ##
## Running config.status. ##
## ---------------------- ##

This file was extended by gc config.status 7.2, which was
generated by GNU Autoconf 2.69.  Invocation command line was

  CONFIG_FILES    = 
  CONFIG_HEADERS  = 
  CONFIG_LINKS    = 
  CONFIG_COMMANDS = 
  $ ./config.status 

on anguirel

config.status:1212: creating Makefile
config.status:1212: creating bdw-gc.pc
config.status:1212: creating include/private/config.h
config.status:1441: executing depfiles commands
config.status:1441: executing libtool commands
config.status:1441: executing default commands
configure:19685: === configuring in libatomic_ops (/home/marco/Dottorato/GitHub/ScalingtheBlockchainSim/gc-7.2/libatomic_ops)
configure:19748: running /bin/bash ./configure --disable-option-checking '--prefix=/home/Dottorato/GitHub/ScalingtheBlockchainSim/gc'  '--disable-threads' --cache-file=/dev/null --srcdir=.

## ---------------- ##
## Cache variables. ##
## ---------------- ##

ac_cv_build=x86_64-unknown-linux-gnu
ac_cv_c_compiler_gnu=yes
ac_cv_c_inline=inline
ac_cv_cxx_compiler_gnu=yes
ac_cv_env_ATOMIC_OPS_CFLAGS_set=
ac_cv_env_ATOMIC_OPS_CFLAGS_value=
ac_cv_env_ATOMIC_OPS_LIBS_set=
ac_cv_env_ATOMIC_OPS_LIBS_value=
ac_cv_env_CCASFLAGS_set=
ac_cv_env_CCASFLAGS_value=
ac_cv_env_CCAS_set=
ac_cv_env_CCAS_value=
ac_cv_env_CCC_set=
ac_cv_env_CCC_value=
ac_cv_env_CC_set=
ac_cv_env_CC_value=
ac_cv_env_CFLAGS_set=
ac_cv_env_CFLAGS_value=
ac_cv_env_CPPFLAGS_set=
ac_cv_env_CPPFLAGS_value=
ac_cv_env_CPP_set=
ac_cv_env_CPP_value=
ac_cv_env_CXXCPP_set=
ac_cv_env_CXXCPP_value=
ac_cv_env_CXXFLAGS_set=
ac_cv_env_CXXFLAGS_value=
ac_cv_env_CXX_set=
ac_cv_env_CXX_value=
ac_cv_env_LDFLAGS_set=
ac_cv_env_LDFLAGS_value=
ac_cv_env_LIBS_set=
ac_cv_env_LIBS_value=
ac_cv_env_PKG_CONFIG_LIBDIR_set=
ac_cv_env_PKG_CONFIG_LIBDIR_value=
ac_cv_env_PKG_CONFIG_PATH_set=
ac_cv_env_PKG_CONFIG_PATH_value=
ac_cv_env_PKG_CONFIG_set=
ac_cv_env_PKG_CONFIG_value=
ac_cv_env_build_alias_set=
ac_cv_env_build_alias_value=
ac_cv_env_host_alias_set=
ac_cv_env_host_alias_value=
ac_cv_env_target_alias_set=
ac_cv_env_target_alias_value=
ac_cv_fno_strict_aliasing=yes
ac_cv_header_dlfcn_h=yes
ac_cv_header_inttypes_h=yes
ac_cv_header_memory_h=yes
ac_cv_header_stdc=yes
ac_cv_header_stdint_h=yes
ac_cv_header_stdlib_h=yes
ac_cv_header_string_h=yes
ac_cv_header_strings_h=yes
ac_cv_header_sys_dg_sys_info_h=no
ac_cv_header_sys_stat_h=yes
ac_cv_header_sys_types_h=yes
ac_cv_header_unistd_h=yes
ac_cv_host=x86_64-unknown-linux-gnu
ac_cv_lib_dl_dlopen=yes
ac_cv_objext=o
ac_cv_path_EGREP='/bin/grep -E'
ac_cv_path_FGREP='/bin/grep -F'
ac_cv_path_GREP=/bin/grep
ac_cv_path_SED=/bin/sed
ac_cv_path_install='/usr/bin/install -c'
ac_cv_path_mkdir=/bin/mkdir
ac_cv_prog_AWK=gawk
ac_cv_prog_CPP='gcc -E'
ac_cv_prog_CXXCPP='c++ -E'
ac_cv_prog_ac_ct_AR=ar
ac_cv_prog_ac_ct_CC=gcc
ac_cv_prog_ac_ct_CXX=c++
ac_cv_prog_ac_ct_MANIFEST_TOOL=mt
ac_cv_prog_ac_ct_OBJDUMP=objdump
ac_cv_prog_ac_ct_RANLIB=ranlib
ac_cv_prog_ac_ct_STRIP=strip
ac_cv_prog_cc_c89=
ac_cv_prog_cc_g=yes
ac_cv_prog_cxx_g=yes
ac_cv_prog_make_make_set=yes
ac_cv_target=x86_64-unknown-linux-gnu
am_cv_CCAS_dependencies_compiler_type=gcc3
am_cv_CC_dependencies_compiler_type=gcc3
am_cv_CXX_dependencies_compiler_type=gcc3
am_cv_make_support_nested_variables=yes
am_cv_prog_cc_c_o=yes
lt_cv_ar_at_file=@
lt_cv_archive_cmds_need_lc=no
lt_cv_deplibs_check_method=pass_all
lt_cv_file_magic_cmd='$MAGIC_CMD'
lt_cv_file_magic_test_file=
lt_cv_ld_reload_flag=-r
lt_cv_nm_interface='BSD nm'
lt_cv_objdir=.libs
lt_cv_path_LD=/usr/bin/ld
lt_cv_path_LDCXX='/usr/bin/ld -m elf_x86_64'
lt_cv_path_NM='/usr/bin/nm -B'
lt_cv_path_mainfest_tool=no
lt_cv_prog_compiler_c_o=yes
lt_cv_prog_compiler_c_o_CXX=yes
lt_cv_prog_compiler_pic='-fPIC -DPIC'
lt_cv_prog_compiler_pic_CXX='-fPIC -DPIC'
lt_cv_prog_compiler_pic_works=yes
lt_cv_prog_compiler_pic_works_CXX=yes
lt_cv_prog_compiler_rtti_exceptions=no
lt_cv_prog_compiler_static_works=yes
lt_cv_prog_compiler_static_works_CXX=yes
lt_cv_prog_gnu_ld=yes
lt_cv_prog_gnu_ldcxx=yes
lt_cv_sharedlib_from_linklib_cmd='printf %s\n'
lt_cv_shlibpath_overrides_runpath=no
lt_cv_sys_global_symbol_pipe='sed -n -e '\''s/^.*[	 ]\([ABCDGIRSTW][ABCDGIRSTW]*\)[	 ][	 ]*\([_A-Za-z][_A-Za-z0-9]*\)$/\1 \2 \2/p'\'' | sed '\''/ __gnu_lto/d'\'''
lt_cv_sys_global_symbol_to_c_name_address='sed -n -e '\''s/^: \([^ ]*\)[ ]*$/  {\"\1\", (void *) 0},/p'\'' -e '\''s/^[ABCDGIRSTW]* \([^ ]*\) \([^ ]*\)$/  {"\2", (void *) \&\2},/p'\'''
lt_cv_sys_global_symbol_to_c_name_address_lib_prefix='sed -n -e '\''s/^: \([^ ]*\)[ ]*$/  {\"\1\", (void *) 0},/p'\'' -e '\''s/^[ABCDGIRSTW]* \([^ ]*\) \(lib[^ ]*\)$/  {"\2", (void *) \&\2},/p'\'' -e '\''s/^[ABCDGIRSTW]* \([^ ]*\) \([^ ]*\)$/  {"lib\2", (void *) \&\2},/p'\'''
lt_cv_sys_global_symbol_to_cdecl='sed -n -e '\''s/^T .* \(.*\)$/extern int \1();/p'\'' -e '\''s/^[ABCDGIRSTW]* .* \(.*\)$/extern char \1;/p'\'''
lt_cv_sys_max_cmd_len=1572864
lt_cv_to_host_file_cmd=func_convert_file_noop
lt_cv_to_tool_file_cmd=func_convert_file_noop

## ----------------- ##
## Output variables. ##
## ----------------- ##

ACLOCAL='${SHELL} /home/marco/Dottorato/GitHub/ScalingtheBlockchainSim/gc-7.2/missing aclocal-1.14'
AMDEPBACKSLASH='\'
AMDEP_FALSE='#'
AMDEP_TRUE=''
AMTAR='$${TAR-tar}'
AM_BACKSLASH='\'
AM_CFLAGS=''
AM_CPPFLAGS=''
AM_DEFAULT_V='$(AM_DEFAULT_VERBOSITY)'
AM_DEFAULT_VERBOSITY='1'
AM_V='$(V)'
AR='ar'
ASM_WITH_CPP_UNSUPPORTED_FALSE=''
ASM_WITH_CPP_UNSUPPORTED_TRUE='#'
ATOMIC_OPS_CFLAGS='-I$(top_builddir)/libatomic_ops/src -I$(top_srcdir)/libatomic_ops/src'
ATOMIC_OPS_LIBS=''
AUTOCONF='${SHELL} /home/marco/Dottorato/GitHub/ScalingtheBlockchainSim/gc-7.2/missing autoconf'
AUTOHEADER='${SHELL} /home/marco/Dottorato/GitHub/ScalingtheBlockchainSim/gc-7.2/missing autoheader'
AUTOMAKE='${SHELL} /home/marco/Dottorato/GitHub/ScalingtheBlockchainSim/gc-7.2/missing automake-1.14'
AVOID_CPP_LIB_FALSE=''
AVOID_CPP_LIB_TRUE='#'
AWK='gawk'
CC='gcc'
CCAS='gcc'
CCASDEPMODE='depmode=gcc3'
CCASFLAGS='-g -O2'
CCDEPMODE='depmode=gcc3'
CFLAGS='-g -O2 -fno-strict-aliasing'
CPLUSPLUS_FALSE=''
CPLUSPLUS_TRUE='#'
CPP='gcc -E'
CPPFLAGS=''
CXX='c++'
CXXCPP='c++ -E'
CXXDEPMODE='depmode=gcc3'
CXXFLAGS='-g -O2'
CYGPATH_W='echo'
DARWIN_THREADS_FALSE=''
DARWIN_THREADS_TRUE='#'
DEFS='-DHAVE_CONFIG_H'
DEPDIR='.deps'
DLLTOOL='false'
DSYMUTIL=''
DUMPBIN=''
ECHO_C=''
ECHO_N='-n'
ECHO_T=''
EGREP='/bin/grep -E'
ENABLE_GCJ_SUPPORT_FALSE='#'
ENABLE_GCJ_SUPPORT_TRUE=''
EXEEXT=''
EXTRA_TEST_LIBS=''
FGREP='/bin/grep -F'
GC_CFLAGS=' -fexceptions'
GC_VERSION=''
GREP='/bin/grep'
INSTALL_DATA='${INSTALL} -m 644'
INSTALL_PROGRAM='${INSTALL}'
INSTALL_SCRIPT='${INSTALL}'
INSTALL_STRIP_PROGRAM='$(install_sh) -c -s'
KEEP_BACK_PTRS_FALSE=''
KEEP_BACK_PTRS_TRUE='#'
LD='/usr/bin/ld -m elf_x86_64'
LDFLAGS=''
LIBOBJS=''
LIBS=''
LIBTOOL='$(SHELL) $(top_builddir)/libtool'
LIPO=''
LN_S='ln -s'
LTLIBOBJS=''
MAINT='#'
MAINTAINER_MODE_FALSE=''
MAINTAINER_MODE_TRUE='#'
MAKEINFO='${SHELL} /home/marco/Dottorato/GitHub/ScalingtheBlockchainSim/gc-7.2/missing makeinfo'
MANIFEST_TOOL=':'
MKDIR_P='/bin/mkdir -p'
NEED_ATOMIC_OPS_ASM_FALSE=''
NEED_ATOMIC_OPS_ASM_TRUE='#'
NM='/usr/bin/nm -B'
NMEDIT=''
OBJDUMP='objdump'
OBJEXT='o'
OPENBSD_THREADS_FALSE=''
OPENBSD_THREADS_TRUE='#'
OTOOL64=''
OTOOL=''
PACKAGE='gc'
PACKAGE_BUGREPORT='bdwgc@lists.opendylan.org'
PACKAGE_NAME='gc'
PACKAGE_STRING='gc 7.2'
PACKAGE_TARNAME='gc'
PACKAGE_URL=''
PACKAGE_VERSION='7.2'
PATH_SEPARATOR=':'
PKG_CONFIG=''
PKG_CONFIG_LIBDIR=''
PKG_CONFIG_PATH=''
PTHREADS_FALSE=''
PTHREADS_TRUE='#'
RANLIB='ranlib'
SED='/bin/sed'
SET_MAKE=''
SHELL='/bin/bash'
STRIP='strip'
THREADDLLIBS=' -ldl'
THREADS_FALSE=''
THREADS_TRUE='#'
UNWINDLIBS=''
USE_INTERNAL_LIBATOMIC_OPS_FALSE=''
USE_INTERNAL_LIBATOMIC_OPS_TRUE='#'
USE_LIBDIR_FALSE='#'
USE_LIBDIR_TRUE=''
VERSION='7.2'
WIN32_THREADS_FALSE=''
WIN32_THREADS_TRUE='#'
ac_ct_AR='ar'
ac_ct_CC='gcc'
ac_ct_CXX='c++'
ac_ct_DUMPBIN=''
addlibs=''
addobjs=' mach_dep.lo'
am__EXEEXT_FALSE=''
am__EXEEXT_TRUE='#'
am__fastdepCCAS_FALSE='#'
am__fastdepCCAS_TRUE=''
am__fastdepCC_FALSE='#'
am__fastdepCC_TRUE=''
am__fastdepCXX_FALSE='#'
am__fastdepCXX_TRUE=''
am__include='include'
am__isrc=''
am__leading_dot='.'
am__nodep='_no'
am__quote=''
am__tar='$${TAR-tar} chof - "$$tardir"'
am__untar='$${TAR-tar} xf -'
bindir='${exec_prefix}/bin'
build='x86_64-unknown-linux-gnu'
build_alias=''
build_cpu='x86_64'
build_os='linux-gnu'
build_vendor='unknown'
datadir='${datarootdir}'
datarootdir='${prefix}/share'
docdir='${datarootdir}/doc/${PACKAGE_TARNAME}'
dvidir='${docdir}'
exec_prefix='${prefix}'
extra_ldflags_libgc=''
host='x86_64-unknown-linux-gnu'
host_alias=''
host_cpu='x86_64'
host_os='linux-gnu'
host_vendor='unknown'
htmldir='${docdir}'
includedir='${prefix}/include'
infodir='${datarootdir}/info'
install_sh='${SHELL} /home/marco/Dottorato/GitHub/ScalingtheBlockchainSim/gc-7.2/install-sh'
libdir='${exec_prefix}/lib'
libexecdir='${exec_prefix}/libexec'
localedir='${datarootdir}/locale'
localstatedir='${prefix}/var'
mandir='${datarootdir}/man'
mkdir_p='$(MKDIR_P)'
oldincludedir='/usr/include'
pdfdir='${docdir}'
prefix='/home/Dottorato/GitHub/ScalingtheBlockchainSim/gc'
program_transform_name='s,x,x,'
psdir='${docdir}'
sbindir='${exec_prefix}/sbin'
sharedstatedir='${prefix}/com'
subdirs=' libatomic_ops'
sysconfdir='${prefix}/etc'
target='x86_64-unknown-linux-gnu'
target_alias=''
target_all='libgc.la'
target_cpu='x86_64'
target_os='linux-gnu'
target_vendor='unknown'

## ----------- ##
## confdefs.h. ##
## ----------- ##

/* confdefs.h */
#define PACKAGE_NAME "gc"
#define PACKAGE_TARNAME "gc"
#define PACKAGE_VERSION "7.2"
#define PACKAGE_STRING "gc 7.2"
#define PACKAGE_BUGREPORT "bdwgc@lists.opendylan.org"
#define PACKAGE_URL ""
#define GC_VERSION_MAJOR 7
#define GC_VERSION_MINOR 2
#define PACKAGE "gc"
#define VERSION "7.2"
#define STDC_HEADERS 1
#define HAVE_SYS_TYPES_H 1
#define HAVE_SYS_STAT_H 1
#define HAVE_STDLIB_H 1
#define HAVE_STRING_H 1
#define HAVE_MEMORY_H 1
#define HAVE_STRINGS_H 1
#define HAVE_INTTYPES_H 1
#define HAVE_STDINT_H 1
#define HAVE_UNISTD_H 1
#define HAVE_DLFCN_H 1
#define LT_OBJDIR ".libs/"
#define NO_EXECUTE_PERMISSION 1
#define ALL_INTERIOR_POINTERS 1
#define GC_GCJ_SUPPORT 1
#define JAVA_FINALIZATION 1
#define ATOMIC_UNCOLLECTABLE 1

configure: exit 0
